<?xml version="1.0" encoding="UTF-8"?>
<!-- Generated by org.testng.reporters.JUnitReportReporter -->
<testsuite hostname="Rajnish" name="example.NewTest" tests="1" failures="0" timestamp="23 Jul 2015 12:55:08 GMT" time="6.331" errors="0">
  <testcase name="testDay1TestCase1" time="6.331" classname="example.NewTest"/>
</testsuite> <!-- example.NewTest -->
