<?xml version="1.0" encoding="UTF-8"?>
<!-- Generated by org.testng.reporters.JUnitReportReporter -->
<testsuite hostname="innovationteam-ThinkPad-T440p" name="example.NewTest" tests="1" failures="0" timestamp="9 Sep 2015 07:05:29 GMT" time="24.875" errors="0">
  <testcase name="testEasy" time="24.875" classname="example.NewTest"/>
</testsuite> <!-- example.NewTest -->
