<?xml version="1.0" encoding="UTF-8"?>
<!-- Generated by org.testng.reporters.JUnitReportReporter -->
<testsuite hostname="kanika-VAIO" name="example.NewTest" tests="1" failures="0" timestamp="7 Sep 2015 17:03:44 GMT" time="159.350" errors="0">
  <testcase name="testEasy" time="159.350" classname="example.NewTest"/>
</testsuite> <!-- example.NewTest -->
