<?xml version="1.0" encoding="UTF-8"?>
<!-- Generated by org.testng.reporters.JUnitReportReporter -->
<testsuite hostname="innovationteam-ThinkPad-T440p" name="nexsales.ConsumerTest" tests="3" failures="0" timestamp="9 Sep 2015 12:36:56 GMT" time="14.532" errors="0">
  <testcase name="testLogin" time="14.360" classname="nexsales.ConsumerTest"/>
  <testcase name="testIsOnline" time="0.083" classname="nexsales.ConsumerTest"/>
  <testcase name="testMenuPresent" time="0.089" classname="nexsales.ConsumerTest"/>
</testsuite> <!-- nexsales.ConsumerTest -->
